0 info it worked if it ends with ok
1 verbose cli [ '/usr/bin/node', '/usr/bin/npm', 'install', 'sinon-chai-D' ]
2 info using npm@1.4.28
3 info using node@v0.10.33
4 verbose node symlink /usr/bin/node
5 warn package.json @ No description
6 warn package.json @ No repository field.
7 warn package.json @ No README data
8 verbose readDependencies using package.json deps
9 verbose cache add [ 'sinon-chai-D', null ]
10 verbose cache add name=undefined spec="sinon-chai-D" args=["sinon-chai-D",null]
11 verbose parsed url { protocol: null,
11 verbose parsed url   slashes: null,
11 verbose parsed url   auth: null,
11 verbose parsed url   host: null,
11 verbose parsed url   port: null,
11 verbose parsed url   hostname: null,
11 verbose parsed url   hash: null,
11 verbose parsed url   search: null,
11 verbose parsed url   query: null,
11 verbose parsed url   pathname: 'sinon-chai-D',
11 verbose parsed url   path: 'sinon-chai-D',
11 verbose parsed url   href: 'sinon-chai-D' }
12 silly lockFile 04487f9c-sinon-chai-D sinon-chai-D
13 verbose lock sinon-chai-D /home/chris/.npm/04487f9c-sinon-chai-D.lock
14 silly lockFile 04487f9c-sinon-chai-D sinon-chai-D
15 silly lockFile 04487f9c-sinon-chai-D sinon-chai-D
16 verbose addNamed [ 'sinon-chai-D', '' ]
17 verbose addNamed [ null, '*' ]
18 silly lockFile d7896393-sinon-chai-D sinon-chai-D@
19 verbose lock sinon-chai-D@ /home/chris/.npm/d7896393-sinon-chai-D.lock
20 silly addNameRange { name: 'sinon-chai-D', range: '*', hasData: false }
21 verbose request where is /sinon-chai-D
22 verbose request registry https://registry.npmjs.org/
23 verbose request id f44f683ecdf0a4e2
24 verbose url raw /sinon-chai-D
25 verbose url resolving [ 'https://registry.npmjs.org/', './sinon-chai-D' ]
26 verbose url resolved https://registry.npmjs.org/sinon-chai-D
27 verbose request where is https://registry.npmjs.org/sinon-chai-D
28 info trying registry request attempt 1 at 12:00:38
29 http GET https://registry.npmjs.org/sinon-chai-D
30 http 404 https://registry.npmjs.org/sinon-chai-D
31 verbose headers { date: 'Fri, 21 Nov 2014 12:00:38 GMT',
31 verbose headers   server: 'CouchDB/1.5.0 (Erlang OTP/R14B04)',
31 verbose headers   'content-type': 'application/json',
31 verbose headers   'cache-control': 'max-age=0',
31 verbose headers   'content-length': '52',
31 verbose headers   'accept-ranges': 'bytes',
31 verbose headers   via: '1.1 varnish',
31 verbose headers   age: '0',
31 verbose headers   'x-served-by': 'cache-lcy1127-LCY',
31 verbose headers   'x-cache': 'MISS',
31 verbose headers   'x-cache-hits': '0',
31 verbose headers   'x-timer': 'S1416571238.458909,VS0,VE91',
31 verbose headers   'keep-alive': 'timeout=10, max=50',
31 verbose headers   connection: 'Keep-Alive' }
32 silly registry.get cb [ 404,
32 silly registry.get   { date: 'Fri, 21 Nov 2014 12:00:38 GMT',
32 silly registry.get     server: 'CouchDB/1.5.0 (Erlang OTP/R14B04)',
32 silly registry.get     'content-type': 'application/json',
32 silly registry.get     'cache-control': 'max-age=0',
32 silly registry.get     'content-length': '52',
32 silly registry.get     'accept-ranges': 'bytes',
32 silly registry.get     via: '1.1 varnish',
32 silly registry.get     age: '0',
32 silly registry.get     'x-served-by': 'cache-lcy1127-LCY',
32 silly registry.get     'x-cache': 'MISS',
32 silly registry.get     'x-cache-hits': '0',
32 silly registry.get     'x-timer': 'S1416571238.458909,VS0,VE91',
32 silly registry.get     'keep-alive': 'timeout=10, max=50',
32 silly registry.get     connection: 'Keep-Alive' } ]
33 silly lockFile d7896393-sinon-chai-D sinon-chai-D@
34 silly lockFile d7896393-sinon-chai-D sinon-chai-D@
35 error 404 404 Not Found: sinon-chai-D
35 error 404
35 error 404 'sinon-chai-D' is not in the npm registry.
35 error 404 You should bug the author to publish it
35 error 404
35 error 404 Note that you can also install from a
35 error 404 tarball, folder, or http url, or git url.
36 error System Linux 3.13.0-39-generic
37 error command "/usr/bin/node" "/usr/bin/npm" "install" "sinon-chai-D"
38 error cwd /home/chris/Documents/node
39 error node -v v0.10.33
40 error npm -v 1.4.28
41 error code E404
42 verbose exit [ 1, true ]
